Using pre-set license

 COMMAND LINE ARGUMENTS:
/Applications/Unity/Hub/Editor/2020.2.4f1/Unity.app/Contents/MacOS/Unity
-adb2
-batchMode
-noUpm
-name
AssetImportWorker0
-projectPath
/Users/allasophy/Documents/GitHub/Hues_Clues/Hues and Clues
-logFile
Logs/AssetImportWorker0.log
-srvPort
59755
Successfully changed project path to: /Users/allasophy/Documents/GitHub/Hues_Clues/Hues and Clues
/Users/allasophy/Documents/GitHub/Hues_Clues/Hues and Clues
Using Asset Import Pipeline V2.
Refreshing native plugins compatible for Editor in 321.04 ms, found 2 plugins.
Preloading 0 native plugins for Editor in 0.00 ms.
Initialize engine version: 2020.2.4f1 (becced5a802b)
[Subsystems] Discovering subsystems at path /Applications/Unity/Hub/Editor/2020.2.4f1/Unity.app/Contents/Resources/UnitySubsystems
[Subsystems] Discovering subsystems at path /Users/allasophy/Documents/GitHub/Hues_Clues/Hues and Clues/Assets
GfxDevice: creating device client; threaded=0
2021-03-18 19:39:17.993 Unity[16130:715013] Color LCD preferred device: Intel(R) UHD Graphics 617 (low power)
2021-03-18 19:39:17.993 Unity[16130:715013] Metal devices available: 1
2021-03-18 19:39:17.994 Unity[16130:715013] 0: Intel(R) UHD Graphics 617 (low power)
2021-03-18 19:39:17.994 Unity[16130:715013] Using device Intel(R) UHD Graphics 617 (low power)
Initializing Metal device caps: Intel(R) UHD Graphics 617
Initialize mono
Mono path[0] = '/Applications/Unity/Hub/Editor/2020.2.4f1/Unity.app/Contents/Managed'
Mono path[1] = '/Applications/Unity/Hub/Editor/2020.2.4f1/Unity.app/Contents/MonoBleedingEdge/lib/mono/unityjit'
Mono config path = '/Applications/Unity/Hub/Editor/2020.2.4f1/Unity.app/Contents/MonoBleedingEdge/etc'
Using monoOptions --debugger-agent=transport=dt_socket,embedding=1,server=y,suspend=n,address=127.0.0.1:56130
Begin MonoManager ReloadAssembly
Registering precompiled unity dll's ...
Register platform support module: /Applications/Unity/Hub/Editor/2020.2.4f1/Unity.app/Contents/PlaybackEngines/MacStandaloneSupport/UnityEditor.OSXStandalone.Extensions.dll
Registered in 0.002724 seconds.
Native extension for OSXStandalone target not found
Refreshing native plugins compatible for Editor in 219.85 ms, found 2 plugins.
Preloading 0 native plugins for Editor in 0.00 ms.
Invoked RoslynAnalysisRunner static constructor.
RoslynAnalysisRunner will not be running.
RoslynAnalysisRunner has terminated.
Mono: successfully reloaded assembly
- Completed reload, in  8.683 seconds
Platform modules already initialized, skipping
Registering precompiled user dll's ...
Registered in 0.002967 seconds.
Begin MonoManager ReloadAssembly
Native extension for OSXStandalone target not found
Refreshing native plugins compatible for Editor in 111.47 ms, found 2 plugins.
Preloading 0 native plugins for Editor in 0.00 ms.
Invoked RoslynAnalysisRunner static constructor.
RoslynAnalysisRunner will not be running.
RoslynAnalysisRunner has terminated.
Mono: successfully reloaded assembly
- Completed reload, in  4.898 seconds
Platform modules already initialized, skipping
========================================================================
Worker process is ready to serve import requests
Launching external process: /Applications/Unity/Hub/Editor/2020.2.4f1/Unity.app/Contents/Tools/UnityShaderCompiler
Launched and connected shader compiler UnityShaderCompiler after 0.05 seconds
Refreshing native plugins compatible for Editor in 0.49 ms, found 2 plugins.
Preloading 0 native plugins for Editor in 0.00 ms.
Unloading 1799 Unused Serialized files (Serialized files now loaded: 0)
System memory in use before: 144.3 MB.
System memory in use after: 144.2 MB.

Unloading 24 unused Assets to reduce memory usage. Loaded Objects now: 2241.
Total: 6.831598 ms (FindLiveObjects: 1.413080 ms CreateObjectMapping: 0.177044 ms MarkObjects: 4.973667 ms  DeleteObjects: 0.265221 ms)

========================================================================
Received Import Request.
  path: Assets/Scenes/CardScript.cs
  artifactKey: Guid(a167967cbba3b4d82be4bd3c097c493d) Importer(815301076,1909f56bfc062723c751e8b465ee728b)
Start importing Assets/Scenes/CardScript.cs using Guid(a167967cbba3b4d82be4bd3c097c493d) Importer(815301076,1909f56bfc062723c751e8b465ee728b)  -> (artifact id: '854a940768ba426887acb0dce22f6bb2') in 1.760035 seconds
  Import took 1.768951 seconds .

========================================================================
Received Prepare
Registering precompiled user dll's ...
Registered in 0.014557 seconds.
Begin MonoManager ReloadAssembly
Native extension for OSXStandalone target not found
Refreshing native plugins compatible for Editor in 5.65 ms, found 2 plugins.
Preloading 0 native plugins for Editor in 0.00 ms.
Invoked RoslynAnalysisRunner static constructor.
RoslynAnalysisRunner will not be running.
RoslynAnalysisRunner has terminated.
Mono: successfully reloaded assembly
- Completed reload, in  5.614 seconds
Platform modules already initialized, skipping
Refreshing native plugins compatible for Editor in 0.79 ms, found 2 plugins.
Preloading 0 native plugins for Editor in 0.00 ms.
Unloading 1794 Unused Serialized files (Serialized files now loaded: 0)
System memory in use before: 148.9 MB.
System memory in use after: 148.9 MB.

Unloading 12 unused Assets to reduce memory usage. Loaded Objects now: 2244.
Total: 7.026980 ms (FindLiveObjects: 0.510640 ms CreateObjectMapping: 0.454848 ms MarkObjects: 5.720722 ms  DeleteObjects: 0.336384 ms)

